\BOOKMARK [1][-]{section.1}{مقدمه}{}% 1
\BOOKMARK [2][-]{subsection.1.1}{معرفی اجمالی و تاریخچه}{section.1}% 2
\BOOKMARK [2][-]{subsection.1.2}{هدف الگوریتم}{section.1}% 3
\BOOKMARK [2][-]{subsection.1.3}{پایه ریاضی}{section.1}% 4
\BOOKMARK [3][-]{subsubsection.1.3.1}{حالت Rotation}{subsection.1.3}% 5
\BOOKMARK [3][-]{subsubsection.1.3.2}{حالت Vectoring}{subsection.1.3}% 6
\BOOKMARK [2][-]{subsection.1.4}{شکل دقیق الگوریتم}{section.1}% 7
\BOOKMARK [2][-]{subsection.1.5}{کاربردها}{section.1}% 8
\BOOKMARK [3][-]{subsubsection.1.5.1}{سخت‌افزار}{subsection.1.5}% 9
\BOOKMARK [3][-]{subsubsection.1.5.2}{نرم افزار}{subsection.1.5}% 10
\BOOKMARK [1][-]{section.2}{پیاده‌سازی}{}% 11
\BOOKMARK [2][-]{subsection.2.1}{اسامی ماژول‌ها و اینترفیس‌های سیستم}{section.2}% 12
\BOOKMARK [3][-]{subsubsection.2.1.1}{Vectoring}{subsection.2.1}% 13
\BOOKMARK [3][-]{subsubsection.2.1.2}{Rotation}{subsection.2.1}% 14
\BOOKMARK [2][-]{subsection.2.2}{دیاگرام‌های بلوکی}{section.2}% 15
\BOOKMARK [2][-]{subsection.2.3}{شرح وظایف ماژول‌ها}{section.2}% 16
\BOOKMARK [3][-]{subsubsection.2.3.1}{Vectoring}{subsection.2.3}% 17
\BOOKMARK [3][-]{subsubsection.2.3.2}{ROTATION}{subsection.2.3}% 18
\BOOKMARK [1][-]{section.3}{تست بنچ و شبیه سازی}{}% 19
\BOOKMARK [2][-]{subsection.3.1}{توضیحاتی در مورد Golden Model}{section.3}% 20
\BOOKMARK [2][-]{subsection.3.2}{توضیحاتی در مورد تست‌های ساخته شده توسط Golden Model}{section.3}% 21
\BOOKMARK [2][-]{subsection.3.3}{ Unit Test ها}{section.3}% 22
\BOOKMARK [3][-]{subsubsection.3.3.1}{ماژول tb_X_Calculator}{subsection.3.3}% 23
\BOOKMARK [3][-]{subsubsection.3.3.2}{ماژول tb_Y_Calculator}{subsection.3.3}% 24
\BOOKMARK [3][-]{subsubsection.3.3.3}{ماژول tb_Z_Calculator}{subsection.3.3}% 25
\BOOKMARK [3][-]{subsubsection.3.3.4}{ماژول tb_Scaler}{subsection.3.3}% 26
\BOOKMARK [3][-]{subsubsection.3.3.5}{ماژول tb_Quadrant_Corrector}{subsection.3.3}% 27
\BOOKMARK [2][-]{subsection.3.4}{ Integration Test ها}{section.3}% 28
\BOOKMARK [3][-]{subsubsection.3.4.1}{ماژول tb_CORDIC_Rotation}{subsection.3.4}% 29
\BOOKMARK [3][-]{subsubsection.3.4.2}{ماژول tb_CORDIC_Vector}{subsection.3.4}% 30
\BOOKMARK [1][-]{section.4}{سنتز}{}% 31
\BOOKMARK [2][-]{subsection.4.1}{سنتز Rotation}{section.4}% 32
\BOOKMARK [2][-]{subsection.4.2}{سنتز Vectoring}{section.4}% 33
\BOOKMARK [1][-]{section.5}{نتیجه گیری}{}% 34
